  B_tree.c
C:\Users\82105\source\repos\B_tree\B_tree\B_tree.c(70,24): warning C4013: 'gets'이(가) 정의되지 않았습니다. extern은 int형을 반환하는 것으로 간주합니다.
C:\Users\82105\source\repos\B_tree\B_tree\B_tree.c(70,30): warning C4047: '=': 'char *'의 간접 참조 수준이 'int'과(와) 다릅니다.
C:\Users\82105\source\repos\B_tree\B_tree\B_tree.c(74,23): warning C4267: '=': 'size_t'에서 'int'(으)로 변환하면서 데이터가 손실될 수 있습니다.
C:\Users\82105\source\repos\B_tree\B_tree\B_tree.c(99,36): warning C4267: '=': 'size_t'에서 'int'(으)로 변환하면서 데이터가 손실될 수 있습니다.
C:\Users\82105\source\repos\B_tree\B_tree\B_tree.c(104,44): warning C4474: 'printf' : 서식 문자열에 전달된 인수가 너무 많습니다.
C:\Users\82105\source\repos\B_tree\B_tree\B_tree.c(104,44): message : 자리 표시자 및 해당 매개 변수에는 variadic 인수가 0개 필요하지만 1개가 제공되었습니다.
C:\Users\82105\source\repos\B_tree\B_tree\B_tree.c(106,44): warning C4474: 'printf' : 서식 문자열에 전달된 인수가 너무 많습니다.
C:\Users\82105\source\repos\B_tree\B_tree\B_tree.c(106,44): message : 자리 표시자 및 해당 매개 변수에는 variadic 인수가 0개 필요하지만 1개가 제공되었습니다.
C:\Users\82105\source\repos\B_tree\B_tree\B_tree.c(124,90): warning C4474: 'printf' : 서식 문자열에 전달된 인수가 너무 많습니다.
C:\Users\82105\source\repos\B_tree\B_tree\B_tree.c(124,90): message : 자리 표시자 및 해당 매개 변수에는 variadic 인수가 0개 필요하지만 1개가 제공되었습니다.
C:\Users\82105\source\repos\B_tree\B_tree\B_tree.c(56,10): warning C4101: 'input' :참조되지 않은 지역 변수입니다.
C:\Users\82105\source\repos\B_tree\B_tree\B_tree.c(60,18): warning C4101: 'find' :참조되지 않은 지역 변수입니다.
C:\Users\82105\source\repos\B_tree\B_tree\B_tree.c(59,9): warning C4101: 'num' :참조되지 않은 지역 변수입니다.
C:\Users\82105\source\repos\B_tree\B_tree\B_tree.c(186,26): warning C4101: 'new_ptr' :참조되지 않은 지역 변수입니다.
C:\Users\82105\source\repos\B_tree\B_tree\B_tree.c(186,19): warning C4101: 'child' :참조되지 않은 지역 변수입니다.
C:\Users\82105\source\repos\B_tree\B_tree\B_tree.c(305,26): warning C4267: '=': 'size_t'에서 'int'(으)로 변환하면서 데이터가 손실될 수 있습니다.
C:\Users\82105\source\repos\B_tree\B_tree\B_tree.c(311,28): warning C4267: '=': 'size_t'에서 'int'(으)로 변환하면서 데이터가 손실될 수 있습니다.
C:\Users\82105\source\repos\B_tree\B_tree\B_tree.c(330,26): warning C4267: '=': 'size_t'에서 'int'(으)로 변환하면서 데이터가 손실될 수 있습니다.
C:\Users\82105\source\repos\B_tree\B_tree\B_tree.c(336,28): warning C4267: '=': 'size_t'에서 'int'(으)로 변환하면서 데이터가 손실될 수 있습니다.
C:\Users\82105\source\repos\B_tree\B_tree\B_tree.c(289,12): warning C4101: 'score' :참조되지 않은 지역 변수입니다.
C:\Users\82105\source\repos\B_tree\B_tree\B_tree.c(286,10): warning C4101: 'name_i' :참조되지 않은 지역 변수입니다.
C:\Users\82105\source\repos\B_tree\B_tree\B_tree.c(288,9): warning C4101: 'num' :참조되지 않은 지역 변수입니다.
C:\Users\82105\source\repos\B_tree\B_tree\B_tree.c(451,15): warning C4101: 'k' :참조되지 않은 지역 변수입니다.
  B_tree.vcxproj -> C:\Users\82105\source\repos\B_tree\x64\Debug\B_tree.exe
